2024-12-12 18:23:19.299 [info] Reading sessions from keychain...
2024-12-12 18:23:19.299 [info] Getting sessions for all scopes...
2024-12-12 18:23:19.299 [info] Getting sessions for all scopes...
2024-12-12 18:23:19.313 [info] Getting sessions for all scopes...
2024-12-12 18:23:19.313 [info] Getting sessions for all scopes...
2024-12-12 18:23:19.313 [info] Getting sessions for all scopes...
2024-12-12 18:23:19.313 [info] Getting sessions for all scopes...
2024-12-12 18:23:19.313 [info] Getting sessions for all scopes...
2024-12-12 18:23:19.459 [info] Got 0 sessions for ...
2024-12-12 18:23:19.459 [info] Got 0 sessions for ...
2024-12-12 18:23:19.459 [info] Got 0 sessions for ...
2024-12-12 18:23:19.459 [info] Got 0 sessions for ...
2024-12-12 18:23:19.459 [info] Got 0 sessions for ...
2024-12-12 18:23:19.459 [info] Got 0 sessions for ...
2024-12-12 18:23:19.459 [info] Got 0 sessions for ...
2024-12-12 18:23:19.819 [info] Getting sessions for read:user,repo,user:email,workflow...
2024-12-12 18:23:19.819 [info] Got 0 sessions for read:user,repo,user:email,workflow...
2024-12-12 18:23:21.007 [info] Getting sessions for all scopes...
2024-12-12 18:23:21.007 [info] Got 0 sessions for ...
2024-12-12 18:29:05.329 [info] Getting sessions for read:user,repo,user:email,workflow...
2024-12-12 18:29:05.329 [info] Got 0 sessions for read:user,repo,user:email,workflow...
